<?xml version="1.0" encoding="UTF-8"?>
<testng-results ignored="0" total="2" passed="2" failed="0" skipped="0">
  <reporter-output>
  </reporter-output>
  <suite started-at="2024-01-25T11:15:36 IST" name="Default suite" finished-at="2024-01-25T11:15:36 IST" duration-ms="41">
    <groups>
    </groups>
    <test started-at="2024-01-25T11:15:36 IST" name="Default test" finished-at="2024-01-25T11:15:36 IST" duration-ms="41">
      <class name="com.sgtesting.ApiProject1.TestDemo">
        <test-method signature="TestDemo1()[pri:0, instance:com.sgtesting.ApiProject1.TestDemo@3514a4c0]" started-at="2024-01-25T11:15:36 IST" name="TestDemo1" finished-at="2024-01-25T11:15:36 IST" duration-ms="7" status="PASS">
          <reporter-output>
          </reporter-output>
        </test-method> <!-- TestDemo1 -->
        <test-method signature="TestDemo2()[pri:0, instance:com.sgtesting.ApiProject1.TestDemo@3514a4c0]" started-at="2024-01-25T11:15:36 IST" name="TestDemo2" finished-at="2024-01-25T11:15:36 IST" duration-ms="2" status="PASS">
          <reporter-output>
          </reporter-output>
        </test-method> <!-- TestDemo2 -->
      </class> <!-- com.sgtesting.ApiProject1.TestDemo -->
    </test> <!-- Default test -->
  </suite> <!-- Default suite -->
</testng-results>
